<?xml version="1.0" encoding="UTF-8"?>
<!-- Generated by org.testng.reporters.JUnitReportReporter -->
<testsuite hostname="TunaQA" failures="0" tests="1" name="com.SixFlagsEvents.BaseTest" time="39.425" errors="0" timestamp="2024-05-20T20:33:26 IST" skipped="0">
  <testcase classname="com.SixFlagsEvents.BaseTest" name="invalidMediaNumberAndLastName" time="39.425">
    <system-out>
      <![CDATA[Launch the app and Select passes
User select the upload passes
User Select the manual Entry
User enter invalid Media Number and LastName and Confirm
ser see the Error message
Launch the app and Select passes
Launch the app and Select passes]]>
    </system-out>
  </testcase> <!-- invalidMediaNumberAndLastName -->
  <system-out>
    <![CDATA[Launch the app and Select passes
User select the upload passes
User Select the manual Entry
User enter invalid Media Number and LastName and Confirm
ser see the Error message
Launch the app and Select passes
Launch the app and Select passes]]>
  </system-out>
</testsuite> <!-- com.SixFlagsEvents.BaseTest -->
