<?xml version="1.0" encoding="UTF-8"?>
<!-- Generated by org.testng.reporters.JUnitReportReporter -->
<testsuite hostname="TunaQA" failures="0" tests="1" name="com.SixFlagsEvents.CartItems" time="37.862" errors="0" timestamp="2024-05-24T14:42:06 IST" skipped="0">
  <testcase classname="com.SixFlagsEvents.CartItems" name="AllAmericanCafe" time="37.862"/>
</testsuite> <!-- com.SixFlagsEvents.CartItems -->
