<?xml version="1.0" encoding="UTF-8"?>
<!-- Generated by org.testng.reporters.JUnitReportReporter -->
<testsuite hostname="TunaQA" failures="0" tests="1" name="com.DigitalProfile.DPAPI" time="1.804" errors="0" timestamp="2024-05-30T19:44:13 IST" skipped="0">
  <testcase classname="com.DigitalProfile.DPAPI" name="createUser" time="1.804"/>
</testsuite> <!-- com.DigitalProfile.DPAPI -->
